11-Feb-2020 15:21:08.199 信息 [main] org.apache.catalina.startup.VersionLoggerListener.log Server.服务器版本:     Apache Tomcat/8.5.50
11-Feb-2020 15:21:08.208 信息 [main] org.apache.catalina.startup.VersionLoggerListener.log 服务器构建:            Dec 7 2019 19:19:46 UTC
11-Feb-2020 15:21:08.208 信息 [main] org.apache.catalina.startup.VersionLoggerListener.log 服务器版本号(：8.5.50.0
11-Feb-2020 15:21:08.209 信息 [main] org.apache.catalina.startup.VersionLoggerListener.log OS Name:               Mac OS X
11-Feb-2020 15:21:08.209 信息 [main] org.apache.catalina.startup.VersionLoggerListener.log OS.版本:               10.13.4
11-Feb-2020 15:21:08.209 信息 [main] org.apache.catalina.startup.VersionLoggerListener.log 架构:                  x86_64
11-Feb-2020 15:21:08.209 信息 [main] org.apache.catalina.startup.VersionLoggerListener.log Java 环境变量:         /Library/Java/JavaVirtualMachines/jdk-11.0.5.jdk/Contents/Home
11-Feb-2020 15:21:08.210 信息 [main] org.apache.catalina.startup.VersionLoggerListener.log JVM 版本:              11.0.5+10-LTS
11-Feb-2020 15:21:08.210 信息 [main] org.apache.catalina.startup.VersionLoggerListener.log JVM.供应商:            Oracle Corporation
11-Feb-2020 15:21:08.210 信息 [main] org.apache.catalina.startup.VersionLoggerListener.log CATALINA_BASE:         /usr/local/apache-tomcat-8.5.50
11-Feb-2020 15:21:08.211 信息 [main] org.apache.catalina.startup.VersionLoggerListener.log CATALINA_HOME:         /usr/local/apache-tomcat-8.5.50
11-Feb-2020 15:21:08.214 信息 [main] org.apache.catalina.startup.VersionLoggerListener.log Command line argument: --add-opens=java.base/java.lang=ALL-UNNAMED
11-Feb-2020 15:21:08.214 信息 [main] org.apache.catalina.startup.VersionLoggerListener.log Command line argument: --add-opens=java.base/java.io=ALL-UNNAMED
11-Feb-2020 15:21:08.215 信息 [main] org.apache.catalina.startup.VersionLoggerListener.log Command line argument: --add-opens=java.rmi/sun.rmi.transport=ALL-UNNAMED
11-Feb-2020 15:21:08.215 信息 [main] org.apache.catalina.startup.VersionLoggerListener.log Command line argument: -Djava.util.logging.config.file=/usr/local/apache-tomcat-8.5.50/conf/logging.properties
11-Feb-2020 15:21:08.215 信息 [main] org.apache.catalina.startup.VersionLoggerListener.log Command line argument: -Djava.util.logging.manager=org.apache.juli.ClassLoaderLogManager
11-Feb-2020 15:21:08.216 信息 [main] org.apache.catalina.startup.VersionLoggerListener.log Command line argument: -Djdk.tls.ephemeralDHKeySize=2048
11-Feb-2020 15:21:08.216 信息 [main] org.apache.catalina.startup.VersionLoggerListener.log Command line argument: -Djava.protocol.handler.pkgs=org.apache.catalina.webresources
11-Feb-2020 15:21:08.216 信息 [main] org.apache.catalina.startup.VersionLoggerListener.log Command line argument: -Dorg.apache.catalina.security.SecurityListener.UMASK=0027
11-Feb-2020 15:21:08.217 信息 [main] org.apache.catalina.startup.VersionLoggerListener.log Command line argument: -Dignore.endorsed.dirs=
11-Feb-2020 15:21:08.217 信息 [main] org.apache.catalina.startup.VersionLoggerListener.log Command line argument: -Dcatalina.base=/usr/local/apache-tomcat-8.5.50
11-Feb-2020 15:21:08.217 信息 [main] org.apache.catalina.startup.VersionLoggerListener.log Command line argument: -Dcatalina.home=/usr/local/apache-tomcat-8.5.50
11-Feb-2020 15:21:08.217 信息 [main] org.apache.catalina.startup.VersionLoggerListener.log Command line argument: -Djava.io.tmpdir=/usr/local/apache-tomcat-8.5.50/temp
11-Feb-2020 15:21:08.217 信息 [main] org.apache.catalina.core.AprLifecycleListener.lifecycleEvent The APR based Apache Tomcat Native library which allows optimal performance in production environments was not found on the java.library.path: [/Users/zhudan/Library/Java/Extensions:/Library/Java/Extensions:/Network/Library/Java/Extensions:/System/Library/Java/Extensions:/usr/lib/java:.]
11-Feb-2020 15:21:08.271 信息 [main] org.apache.coyote.AbstractProtocol.init 初始化协议处理器 ["http-nio-8080"]
11-Feb-2020 15:21:08.307 信息 [main] org.apache.tomcat.util.net.NioSelectorPool.getSharedSelector Using a shared selector for servlet write/read
11-Feb-2020 15:21:08.324 信息 [main] org.apache.coyote.AbstractProtocol.init 初始化协议处理器 ["ajp-nio-8009"]
11-Feb-2020 15:21:08.326 信息 [main] org.apache.tomcat.util.net.NioSelectorPool.getSharedSelector Using a shared selector for servlet write/read
11-Feb-2020 15:21:08.327 信息 [main] org.apache.catalina.startup.Catalina.load Initialization processed in 839 ms
11-Feb-2020 15:21:08.402 信息 [main] org.apache.catalina.core.StandardService.startInternal Starting service [Catalina]
11-Feb-2020 15:21:08.402 信息 [main] org.apache.catalina.core.StandardEngine.startInternal Starting Servlet Engine: Apache Tomcat/8.5.50
11-Feb-2020 15:21:08.417 信息 [localhost-startStop-1] org.apache.catalina.startup.HostConfig.deployDirectory 把web 应用程序部署到目录 [/usr/local/apache-tomcat-8.5.50/webapps/docs]
11-Feb-2020 15:21:08.783 信息 [localhost-startStop-1] org.apache.catalina.startup.HostConfig.deployDirectory Deployment of web application directory [/usr/local/apache-tomcat-8.5.50/webapps/docs] has finished in [363] ms
11-Feb-2020 15:21:08.785 信息 [localhost-startStop-1] org.apache.catalina.startup.HostConfig.deployDirectory 把web 应用程序部署到目录 [/usr/local/apache-tomcat-8.5.50/webapps/manager]
11-Feb-2020 15:21:08.840 信息 [localhost-startStop-1] org.apache.catalina.startup.HostConfig.deployDirectory Deployment of web application directory [/usr/local/apache-tomcat-8.5.50/webapps/manager] has finished in [55] ms
11-Feb-2020 15:21:08.840 信息 [localhost-startStop-1] org.apache.catalina.startup.HostConfig.deployDirectory 把web 应用程序部署到目录 [/usr/local/apache-tomcat-8.5.50/webapps/examples]
11-Feb-2020 15:21:09.170 信息 [localhost-startStop-1] org.apache.catalina.startup.HostConfig.deployDirectory Deployment of web application directory [/usr/local/apache-tomcat-8.5.50/webapps/examples] has finished in [330] ms
11-Feb-2020 15:21:09.170 信息 [localhost-startStop-1] org.apache.catalina.startup.HostConfig.deployDirectory 把web 应用程序部署到目录 [/usr/local/apache-tomcat-8.5.50/webapps/ROOT]
11-Feb-2020 15:21:09.187 信息 [localhost-startStop-1] org.apache.catalina.startup.HostConfig.deployDirectory Deployment of web application directory [/usr/local/apache-tomcat-8.5.50/webapps/ROOT] has finished in [17] ms
11-Feb-2020 15:21:09.188 信息 [localhost-startStop-1] org.apache.catalina.startup.HostConfig.deployDirectory 把web 应用程序部署到目录 [/usr/local/apache-tomcat-8.5.50/webapps/host-manager]
11-Feb-2020 15:21:09.209 信息 [localhost-startStop-1] org.apache.catalina.startup.HostConfig.deployDirectory Deployment of web application directory [/usr/local/apache-tomcat-8.5.50/webapps/host-manager] has finished in [21] ms
11-Feb-2020 15:21:09.213 信息 [main] org.apache.coyote.AbstractProtocol.start 开始协议处理句柄["http-nio-8080"]
11-Feb-2020 15:21:09.225 信息 [main] org.apache.coyote.AbstractProtocol.start 开始协议处理句柄["ajp-nio-8009"]
11-Feb-2020 15:21:09.227 信息 [main] org.apache.catalina.startup.Catalina.start Server startup in 899 ms
11-Feb-2020 15:32:48.774 信息 [main] org.apache.catalina.core.StandardServer.await A valid shutdown command was received via the shutdown port. Stopping the Server instance.
11-Feb-2020 15:32:48.775 信息 [main] org.apache.coyote.AbstractProtocol.pause Pausing ProtocolHandler ["http-nio-8080"]
11-Feb-2020 15:32:48.786 信息 [main] org.apache.coyote.AbstractProtocol.pause Pausing ProtocolHandler ["ajp-nio-8009"]
11-Feb-2020 15:32:48.793 信息 [main] org.apache.catalina.core.StandardService.stopInternal 正在停止服务[Catalina]
11-Feb-2020 15:32:48.839 信息 [main] org.apache.coyote.AbstractProtocol.stop 正在停止ProtocolHandler ["http-nio-8080"]
11-Feb-2020 15:32:48.842 信息 [main] org.apache.coyote.AbstractProtocol.stop 正在停止ProtocolHandler ["ajp-nio-8009"]
11-Feb-2020 15:32:48.844 信息 [main] org.apache.coyote.AbstractProtocol.destroy 正在摧毁协议处理器 ["http-nio-8080"]
11-Feb-2020 15:32:48.845 信息 [main] org.apache.coyote.AbstractProtocol.destroy 正在摧毁协议处理器 ["ajp-nio-8009"]
11-Feb-2020 15:39:15.698 信息 [main] org.apache.catalina.startup.VersionLoggerListener.log Server.服务器版本:     Apache Tomcat/8.5.50
11-Feb-2020 15:39:15.712 信息 [main] org.apache.catalina.startup.VersionLoggerListener.log 服务器构建:            Dec 7 2019 19:19:46 UTC
11-Feb-2020 15:39:15.713 信息 [main] org.apache.catalina.startup.VersionLoggerListener.log 服务器版本号(：8.5.50.0
11-Feb-2020 15:39:15.713 信息 [main] org.apache.catalina.startup.VersionLoggerListener.log OS Name:               Mac OS X
11-Feb-2020 15:39:15.713 信息 [main] org.apache.catalina.startup.VersionLoggerListener.log OS.版本:               10.13.4
11-Feb-2020 15:39:15.714 信息 [main] org.apache.catalina.startup.VersionLoggerListener.log 架构:                  x86_64
11-Feb-2020 15:39:15.714 信息 [main] org.apache.catalina.startup.VersionLoggerListener.log Java 环境变量:         /Library/Java/JavaVirtualMachines/jdk-11.0.5.jdk/Contents/Home
11-Feb-2020 15:39:15.714 信息 [main] org.apache.catalina.startup.VersionLoggerListener.log JVM 版本:              11.0.5+10-LTS
11-Feb-2020 15:39:15.714 信息 [main] org.apache.catalina.startup.VersionLoggerListener.log JVM.供应商:            Oracle Corporation
11-Feb-2020 15:39:15.715 信息 [main] org.apache.catalina.startup.VersionLoggerListener.log CATALINA_BASE:         /usr/local/apache-tomcat-8.5.50-1
11-Feb-2020 15:39:15.715 信息 [main] org.apache.catalina.startup.VersionLoggerListener.log CATALINA_HOME:         /usr/local/apache-tomcat-8.5.50-1
11-Feb-2020 15:39:15.718 信息 [main] org.apache.catalina.startup.VersionLoggerListener.log Command line argument: --add-opens=java.base/java.lang=ALL-UNNAMED
11-Feb-2020 15:39:15.719 信息 [main] org.apache.catalina.startup.VersionLoggerListener.log Command line argument: --add-opens=java.base/java.io=ALL-UNNAMED
11-Feb-2020 15:39:15.719 信息 [main] org.apache.catalina.startup.VersionLoggerListener.log Command line argument: --add-opens=java.rmi/sun.rmi.transport=ALL-UNNAMED
11-Feb-2020 15:39:15.719 信息 [main] org.apache.catalina.startup.VersionLoggerListener.log Command line argument: -Djava.util.logging.config.file=/usr/local/apache-tomcat-8.5.50-1/conf/logging.properties
11-Feb-2020 15:39:15.719 信息 [main] org.apache.catalina.startup.VersionLoggerListener.log Command line argument: -Djava.util.logging.manager=org.apache.juli.ClassLoaderLogManager
11-Feb-2020 15:39:15.720 信息 [main] org.apache.catalina.startup.VersionLoggerListener.log Command line argument: -Djdk.tls.ephemeralDHKeySize=2048
11-Feb-2020 15:39:15.720 信息 [main] org.apache.catalina.startup.VersionLoggerListener.log Command line argument: -Djava.protocol.handler.pkgs=org.apache.catalina.webresources
11-Feb-2020 15:39:15.720 信息 [main] org.apache.catalina.startup.VersionLoggerListener.log Command line argument: -Dorg.apache.catalina.security.SecurityListener.UMASK=0027
11-Feb-2020 15:39:15.720 信息 [main] org.apache.catalina.startup.VersionLoggerListener.log Command line argument: -Dignore.endorsed.dirs=
11-Feb-2020 15:39:15.720 信息 [main] org.apache.catalina.startup.VersionLoggerListener.log Command line argument: -Dcatalina.base=/usr/local/apache-tomcat-8.5.50-1
11-Feb-2020 15:39:15.721 信息 [main] org.apache.catalina.startup.VersionLoggerListener.log Command line argument: -Dcatalina.home=/usr/local/apache-tomcat-8.5.50-1
11-Feb-2020 15:39:15.721 信息 [main] org.apache.catalina.startup.VersionLoggerListener.log Command line argument: -Djava.io.tmpdir=/usr/local/apache-tomcat-8.5.50-1/temp
11-Feb-2020 15:39:15.721 信息 [main] org.apache.catalina.core.AprLifecycleListener.lifecycleEvent The APR based Apache Tomcat Native library which allows optimal performance in production environments was not found on the java.library.path: [/Users/zhudan/Library/Java/Extensions:/Library/Java/Extensions:/Network/Library/Java/Extensions:/System/Library/Java/Extensions:/usr/lib/java:.]
11-Feb-2020 15:39:15.769 信息 [main] org.apache.coyote.AbstractProtocol.init 初始化协议处理器 ["http-nio-8081"]
11-Feb-2020 15:39:15.795 信息 [main] org.apache.tomcat.util.net.NioSelectorPool.getSharedSelector Using a shared selector for servlet write/read
11-Feb-2020 15:39:15.812 信息 [main] org.apache.coyote.AbstractProtocol.init 初始化协议处理器 ["ajp-nio-8010"]
11-Feb-2020 15:39:15.815 信息 [main] org.apache.tomcat.util.net.NioSelectorPool.getSharedSelector Using a shared selector for servlet write/read
11-Feb-2020 15:39:15.815 信息 [main] org.apache.catalina.startup.Catalina.load Initialization processed in 741 ms
11-Feb-2020 15:39:15.883 信息 [main] org.apache.catalina.core.StandardService.startInternal Starting service [Catalina]
11-Feb-2020 15:39:15.883 信息 [main] org.apache.catalina.core.StandardEngine.startInternal Starting Servlet Engine: Apache Tomcat/8.5.50
11-Feb-2020 15:39:15.896 信息 [localhost-startStop-1] org.apache.catalina.startup.HostConfig.deployDirectory 把web 应用程序部署到目录 [/usr/local/apache-tomcat-8.5.50-1/webapps/docs]
11-Feb-2020 15:39:16.255 信息 [localhost-startStop-1] org.apache.catalina.startup.HostConfig.deployDirectory Deployment of web application directory [/usr/local/apache-tomcat-8.5.50-1/webapps/docs] has finished in [356] ms
11-Feb-2020 15:39:16.256 信息 [localhost-startStop-1] org.apache.catalina.startup.HostConfig.deployDirectory 把web 应用程序部署到目录 [/usr/local/apache-tomcat-8.5.50-1/webapps/manager]
11-Feb-2020 15:39:16.301 信息 [localhost-startStop-1] org.apache.catalina.startup.HostConfig.deployDirectory Deployment of web application directory [/usr/local/apache-tomcat-8.5.50-1/webapps/manager] has finished in [45] ms
11-Feb-2020 15:39:16.302 信息 [localhost-startStop-1] org.apache.catalina.startup.HostConfig.deployDirectory 把web 应用程序部署到目录 [/usr/local/apache-tomcat-8.5.50-1/webapps/examples]
11-Feb-2020 15:39:16.640 信息 [localhost-startStop-1] org.apache.catalina.startup.HostConfig.deployDirectory Deployment of web application directory [/usr/local/apache-tomcat-8.5.50-1/webapps/examples] has finished in [338] ms
11-Feb-2020 15:39:16.641 信息 [localhost-startStop-1] org.apache.catalina.startup.HostConfig.deployDirectory 把web 应用程序部署到目录 [/usr/local/apache-tomcat-8.5.50-1/webapps/ROOT]
11-Feb-2020 15:39:16.659 信息 [localhost-startStop-1] org.apache.catalina.startup.HostConfig.deployDirectory Deployment of web application directory [/usr/local/apache-tomcat-8.5.50-1/webapps/ROOT] has finished in [18] ms
11-Feb-2020 15:39:16.659 信息 [localhost-startStop-1] org.apache.catalina.startup.HostConfig.deployDirectory 把web 应用程序部署到目录 [/usr/local/apache-tomcat-8.5.50-1/webapps/host-manager]
11-Feb-2020 15:39:16.681 信息 [localhost-startStop-1] org.apache.catalina.startup.HostConfig.deployDirectory Deployment of web application directory [/usr/local/apache-tomcat-8.5.50-1/webapps/host-manager] has finished in [22] ms
11-Feb-2020 15:39:16.686 信息 [main] org.apache.coyote.AbstractProtocol.start 开始协议处理句柄["http-nio-8081"]
11-Feb-2020 15:39:16.699 信息 [main] org.apache.coyote.AbstractProtocol.start 开始协议处理句柄["ajp-nio-8010"]
11-Feb-2020 15:39:16.701 信息 [main] org.apache.catalina.startup.Catalina.start Server startup in 885 ms
